This file contains any messages produced by compilers while
running configure, to aid debugging if configure makes a mistake.

It was created by mcl configure 22-282, which was
generated by GNU Autoconf 2.69.  Invocation command line was

  $ ./configure --prefix /usr

## --------- ##
## Platform. ##
## --------- ##

hostname = Hyper-arch
uname -m = x86_64
uname -r = 6.2.10-arch1-1
uname -s = Linux
uname -v = #1 SMP PREEMPT_DYNAMIC Fri, 07 Apr 2023 02:10:43 +0000

/usr/bin/uname -p = unknown
/bin/uname -X     = unknown

/bin/arch              = unknown
/usr/bin/arch -k       = unknown
/usr/convex/getsysinfo = unknown
/usr/bin/hostinfo      = unknown
/bin/machine           = unknown
/usr/bin/oslevel       = unknown
/bin/universe          = unknown

PATH: /home/bipin/.vscode-server/bin/b7886d7461186a5eac768481578c1d7ca80e2d21/bin/remote-cli
PATH: /usr/local/sbin
PATH: /usr/local/bin
PATH: /usr/bin
PATH: /usr/bin/site_perl
PATH: /usr/bin/vendor_perl
PATH: /usr/bin/core_perl
PATH: /usr/lib/jvm/default/bin


## ----------- ##
## Core tests. ##
## ----------- ##

configure:2285: checking for a BSD-compatible install
configure:2353: result: /usr/bin/install -c
configure:2364: checking whether build environment is sane
configure:2419: result: yes
configure:2457: WARNING: 'missing' script is too old or missing
configure:2570: checking for a thread-safe mkdir -p
configure:2609: result: /usr/bin/mkdir -p
configure:2616: checking for gawk
configure:2632: found /usr/bin/gawk
configure:2643: result: gawk
configure:2654: checking whether make sets $(MAKE)
configure:2676: result: yes
configure:2705: checking whether make supports nested variables
configure:2722: result: yes
configure:2856: checking whether to enable maintainer-specific portions of Makefiles
configure:2865: result: no
configure:2887: checking whether make supports the include directive
configure:2902: make -f confmf.GNU && cat confinc.out
this is the am__doit target
configure:2905: $? = 0
configure:2924: result: yes (GNU style)
configure:2994: checking for gcc
configure:3010: found /usr/bin/gcc
configure:3021: result: gcc
configure:3250: checking for C compiler version
configure:3259: gcc --version >&5
gcc (GCC) 12.2.1 20230201
Copyright (C) 2022 Free Software Foundation, Inc.
This is free software; see the source for copying conditions.  There is NO
warranty; not even for MERCHANTABILITY or FITNESS FOR A PARTICULAR PURPOSE.

configure:3270: $? = 0
configure:3259: gcc -v >&5
Using built-in specs.
COLLECT_GCC=gcc
COLLECT_LTO_WRAPPER=/usr/lib/gcc/x86_64-pc-linux-gnu/12.2.1/lto-wrapper
Target: x86_64-pc-linux-gnu
Configured with: /build/gcc/src/gcc/configure --enable-languages=c,c++,ada,fortran,go,lto,objc,obj-c++,d --enable-bootstrap --prefix=/usr --libdir=/usr/lib --libexecdir=/usr/lib --mandir=/usr/share/man --infodir=/usr/share/info --with-bugurl=https://bugs.archlinux.org/ --with-build-config=bootstrap-lto --with-linker-hash-style=gnu --with-system-zlib --enable-__cxa_atexit --enable-cet=auto --enable-checking=release --enable-clocale=gnu --enable-default-pie --enable-default-ssp --enable-gnu-indirect-function --enable-gnu-unique-object --enable-libstdcxx-backtrace --enable-link-serialization=1 --enable-linker-build-id --enable-lto --enable-multilib --enable-plugin --enable-shared --enable-threads=posix --disable-libssp --disable-libstdcxx-pch --disable-werror
Thread model: posix
Supported LTO compression algorithms: zlib zstd
gcc version 12.2.1 20230201 (GCC) 
configure:3270: $? = 0
configure:3259: gcc -V >&5
gcc: error: unrecognized command-line option '-V'
gcc: fatal error: no input files
compilation terminated.
configure:3270: $? = 1
configure:3259: gcc -qversion >&5
gcc: error: unrecognized command-line option '-qversion'; did you mean '--version'?
gcc: fatal error: no input files
compilation terminated.
configure:3270: $? = 1
configure:3290: checking whether the C compiler works
configure:3312: gcc -march=x86-64 -mtune=generic -O2 -pipe -fno-plt -fexceptions         -Wp,-D_FORTIFY_SOURCE=2 -Wformat -Werror=format-security         -fstack-clash-protection -fcf-protection  -Wl,-O1,--sort-common,--as-needed,-z,relro,-z,now conftest.c  >&5
configure:3316: $? = 0
configure:3364: result: yes
configure:3367: checking for C compiler default output file name
configure:3369: result: a.out
configure:3375: checking for suffix of executables
configure:3382: gcc -o conftest -march=x86-64 -mtune=generic -O2 -pipe -fno-plt -fexceptions         -Wp,-D_FORTIFY_SOURCE=2 -Wformat -Werror=format-security         -fstack-clash-protection -fcf-protection  -Wl,-O1,--sort-common,--as-needed,-z,relro,-z,now conftest.c  >&5
configure:3386: $? = 0
configure:3408: result: 
configure:3430: checking whether we are cross compiling
configure:3438: gcc -o conftest -march=x86-64 -mtune=generic -O2 -pipe -fno-plt -fexceptions         -Wp,-D_FORTIFY_SOURCE=2 -Wformat -Werror=format-security         -fstack-clash-protection -fcf-protection  -Wl,-O1,--sort-common,--as-needed,-z,relro,-z,now conftest.c  >&5
configure:3442: $? = 0
configure:3449: ./conftest
configure:3453: $? = 0
configure:3468: result: no
configure:3473: checking for suffix of object files
configure:3495: gcc -c -march=x86-64 -mtune=generic -O2 -pipe -fno-plt -fexceptions         -Wp,-D_FORTIFY_SOURCE=2 -Wformat -Werror=format-security         -fstack-clash-protection -fcf-protection  conftest.c >&5
configure:3499: $? = 0
configure:3520: result: o
configure:3524: checking whether we are using the GNU C compiler
configure:3543: gcc -c -march=x86-64 -mtune=generic -O2 -pipe -fno-plt -fexceptions         -Wp,-D_FORTIFY_SOURCE=2 -Wformat -Werror=format-security         -fstack-clash-protection -fcf-protection  conftest.c >&5
configure:3543: $? = 0
configure:3552: result: yes
configure:3561: checking whether gcc accepts -g
configure:3581: gcc -c -g  conftest.c >&5
configure:3581: $? = 0
configure:3622: result: yes
configure:3639: checking for gcc option to accept ISO C89
configure:3702: gcc  -c -march=x86-64 -mtune=generic -O2 -pipe -fno-plt -fexceptions         -Wp,-D_FORTIFY_SOURCE=2 -Wformat -Werror=format-security         -fstack-clash-protection -fcf-protection  conftest.c >&5
configure:3702: $? = 0
configure:3715: result: none needed
configure:3740: checking whether gcc understands -c and -o together
configure:3762: gcc -c conftest.c -o conftest2.o
configure:3765: $? = 0
configure:3762: gcc -c conftest.c -o conftest2.o
configure:3765: $? = 0
configure:3777: result: yes
configure:3796: checking dependency style of gcc
configure:3907: result: gcc3
configure:3923: checking  _____ weak test for C void* <=> unsigned int conversion
configure:3966: gcc -o conftest -march=x86-64 -mtune=generic -O2 -pipe -fno-plt -fexceptions         -Wp,-D_FORTIFY_SOURCE=2 -Wformat -Werror=format-security         -fstack-clash-protection -fcf-protection  -Wl,-O1,--sort-common,--as-needed,-z,relro,-z,now conftest.c  >&5
conftest.c: In function 'main':
conftest.c:32:25: warning: cast to pointer from integer of different size [-Wint-to-pointer-cast]
   32 |       ;  void* xv    =  (void*)     x
      |                         ^
conftest.c:33:25: warning: cast from pointer to integer of different size [-Wpointer-to-int-cast]
   33 |       ;  unsigned xu =  (unsigned)  xv
      |                         ^
configure:3966: $? = 0
configure:3966: ./conftest
configure:3966: $? = 0
configure:3977: result: passed
configure:4075: checking for gawk
configure:4102: result: gawk
configure:4161: checking for gcc
configure:4188: result: gcc
configure:4417: checking for C compiler version
configure:4426: gcc --version >&5
gcc (GCC) 12.2.1 20230201
Copyright (C) 2022 Free Software Foundation, Inc.
This is free software; see the source for copying conditions.  There is NO
warranty; not even for MERCHANTABILITY or FITNESS FOR A PARTICULAR PURPOSE.

configure:4437: $? = 0
configure:4426: gcc -v >&5
Using built-in specs.
COLLECT_GCC=gcc
COLLECT_LTO_WRAPPER=/usr/lib/gcc/x86_64-pc-linux-gnu/12.2.1/lto-wrapper
Target: x86_64-pc-linux-gnu
Configured with: /build/gcc/src/gcc/configure --enable-languages=c,c++,ada,fortran,go,lto,objc,obj-c++,d --enable-bootstrap --prefix=/usr --libdir=/usr/lib --libexecdir=/usr/lib --mandir=/usr/share/man --infodir=/usr/share/info --with-bugurl=https://bugs.archlinux.org/ --with-build-config=bootstrap-lto --with-linker-hash-style=gnu --with-system-zlib --enable-__cxa_atexit --enable-cet=auto --enable-checking=release --enable-clocale=gnu --enable-default-pie --enable-default-ssp --enable-gnu-indirect-function --enable-gnu-unique-object --enable-libstdcxx-backtrace --enable-link-serialization=1 --enable-linker-build-id --enable-lto --enable-multilib --enable-plugin --enable-shared --enable-threads=posix --disable-libssp --disable-libstdcxx-pch --disable-werror
Thread model: posix
Supported LTO compression algorithms: zlib zstd
gcc version 12.2.1 20230201 (GCC) 
configure:4437: $? = 0
configure:4426: gcc -V >&5
gcc: error: unrecognized command-line option '-V'
gcc: fatal error: no input files
compilation terminated.
configure:4437: $? = 1
configure:4426: gcc -qversion >&5
gcc: error: unrecognized command-line option '-qversion'; did you mean '--version'?
gcc: fatal error: no input files
compilation terminated.
configure:4437: $? = 1
configure:4441: checking whether we are using the GNU C compiler
configure:4469: result: yes
configure:4478: checking whether gcc accepts -g
configure:4539: result: yes
configure:4556: checking for gcc option to accept ISO C89
configure:4632: result: none needed
configure:4657: checking whether gcc understands -c and -o together
configure:4694: result: yes
configure:4713: checking dependency style of gcc
configure:4824: result: gcc3
configure:4840: checking whether ln -s works
configure:4844: result: yes
configure:4894: checking for ranlib
configure:4910: found /usr/bin/ranlib
configure:4921: result: ranlib
configure:4946: checking for ceil in -lm
configure:4971: gcc -o conftest -march=x86-64 -mtune=generic -O2 -pipe -fno-plt -fexceptions         -Wp,-D_FORTIFY_SOURCE=2 -Wformat -Werror=format-security         -fstack-clash-protection -fcf-protection  -Wl,-O1,--sort-common,--as-needed,-z,relro,-z,now conftest.c -lm   >&5
conftest.c:19:6: warning: conflicting types for built-in function 'ceil'; expected 'double(double)' [-Wbuiltin-declaration-mismatch]
   19 | char ceil ();
      |      ^~~~
conftest.c:1:1: note: 'ceil' is declared in header '<math.h>'
    1 | /* confdefs.h */
configure:4971: $? = 0
configure:4980: result: yes
configure:4998: checking how to run the C preprocessor
configure:5029: gcc -E  conftest.c
configure:5029: $? = 0
configure:5043: gcc -E  conftest.c
conftest.c:13:10: fatal error: ac_nonexistent.h: No such file or directory
   13 | #include <ac_nonexistent.h>
      |          ^~~~~~~~~~~~~~~~~~
compilation terminated.
configure:5043: $? = 1
configure: failed program was:
| /* confdefs.h */
| #define PACKAGE_NAME "mcl"
| #define PACKAGE_TARNAME "mcl"
| #define PACKAGE_VERSION "22-282"
| #define PACKAGE_STRING "mcl 22-282"
| #define PACKAGE_BUGREPORT ""
| #define PACKAGE_URL ""
| #define PACKAGE "mcl"
| #define VERSION "22-282"
| #define MCL_HELPFUL_REMINDER /**/
| #define HAVE_LIBM 1
| /* end confdefs.h.  */
| #include <ac_nonexistent.h>
configure:5068: result: gcc -E
configure:5088: gcc -E  conftest.c
configure:5088: $? = 0
configure:5102: gcc -E  conftest.c
conftest.c:13:10: fatal error: ac_nonexistent.h: No such file or directory
   13 | #include <ac_nonexistent.h>
      |          ^~~~~~~~~~~~~~~~~~
compilation terminated.
configure:5102: $? = 1
configure: failed program was:
| /* confdefs.h */
| #define PACKAGE_NAME "mcl"
| #define PACKAGE_TARNAME "mcl"
| #define PACKAGE_VERSION "22-282"
| #define PACKAGE_STRING "mcl 22-282"
| #define PACKAGE_BUGREPORT ""
| #define PACKAGE_URL ""
| #define PACKAGE "mcl"
| #define VERSION "22-282"
| #define MCL_HELPFUL_REMINDER /**/
| #define HAVE_LIBM 1
| /* end confdefs.h.  */
| #include <ac_nonexistent.h>
configure:5131: checking for grep that handles long lines and -e
configure:5189: result: /usr/bin/grep
configure:5194: checking for egrep
configure:5256: result: /usr/bin/grep -E
configure:5261: checking for ANSI C header files
configure:5281: gcc -c -march=x86-64 -mtune=generic -O2 -pipe -fno-plt -fexceptions         -Wp,-D_FORTIFY_SOURCE=2 -Wformat -Werror=format-security         -fstack-clash-protection -fcf-protection  conftest.c >&5
configure:5281: $? = 0
configure:5354: gcc -o conftest -march=x86-64 -mtune=generic -O2 -pipe -fno-plt -fexceptions         -Wp,-D_FORTIFY_SOURCE=2 -Wformat -Werror=format-security         -fstack-clash-protection -fcf-protection  -Wl,-O1,--sort-common,--as-needed,-z,relro,-z,now conftest.c -lm  >&5
configure:5354: $? = 0
configure:5354: ./conftest
configure:5354: $? = 0
configure:5365: result: yes
configure:5378: checking for sys/types.h
configure:5378: gcc -c -march=x86-64 -mtune=generic -O2 -pipe -fno-plt -fexceptions         -Wp,-D_FORTIFY_SOURCE=2 -Wformat -Werror=format-security         -fstack-clash-protection -fcf-protection  conftest.c >&5
configure:5378: $? = 0
configure:5378: result: yes
configure:5378: checking for sys/stat.h
configure:5378: gcc -c -march=x86-64 -mtune=generic -O2 -pipe -fno-plt -fexceptions         -Wp,-D_FORTIFY_SOURCE=2 -Wformat -Werror=format-security         -fstack-clash-protection -fcf-protection  conftest.c >&5
configure:5378: $? = 0
configure:5378: result: yes
configure:5378: checking for stdlib.h
configure:5378: gcc -c -march=x86-64 -mtune=generic -O2 -pipe -fno-plt -fexceptions         -Wp,-D_FORTIFY_SOURCE=2 -Wformat -Werror=format-security         -fstack-clash-protection -fcf-protection  conftest.c >&5
configure:5378: $? = 0
configure:5378: result: yes
configure:5378: checking for string.h
configure:5378: gcc -c -march=x86-64 -mtune=generic -O2 -pipe -fno-plt -fexceptions         -Wp,-D_FORTIFY_SOURCE=2 -Wformat -Werror=format-security         -fstack-clash-protection -fcf-protection  conftest.c >&5
configure:5378: $? = 0
configure:5378: result: yes
configure:5378: checking for memory.h
configure:5378: gcc -c -march=x86-64 -mtune=generic -O2 -pipe -fno-plt -fexceptions         -Wp,-D_FORTIFY_SOURCE=2 -Wformat -Werror=format-security         -fstack-clash-protection -fcf-protection  conftest.c >&5
configure:5378: $? = 0
configure:5378: result: yes
configure:5378: checking for strings.h
configure:5378: gcc -c -march=x86-64 -mtune=generic -O2 -pipe -fno-plt -fexceptions         -Wp,-D_FORTIFY_SOURCE=2 -Wformat -Werror=format-security         -fstack-clash-protection -fcf-protection  conftest.c >&5
configure:5378: $? = 0
configure:5378: result: yes
configure:5378: checking for inttypes.h
configure:5378: gcc -c -march=x86-64 -mtune=generic -O2 -pipe -fno-plt -fexceptions         -Wp,-D_FORTIFY_SOURCE=2 -Wformat -Werror=format-security         -fstack-clash-protection -fcf-protection  conftest.c >&5
configure:5378: $? = 0
configure:5378: result: yes
configure:5378: checking for stdint.h
configure:5378: gcc -c -march=x86-64 -mtune=generic -O2 -pipe -fno-plt -fexceptions         -Wp,-D_FORTIFY_SOURCE=2 -Wformat -Werror=format-security         -fstack-clash-protection -fcf-protection  conftest.c >&5
configure:5378: $? = 0
configure:5378: result: yes
configure:5378: checking for unistd.h
configure:5378: gcc -c -march=x86-64 -mtune=generic -O2 -pipe -fno-plt -fexceptions         -Wp,-D_FORTIFY_SOURCE=2 -Wformat -Werror=format-security         -fstack-clash-protection -fcf-protection  conftest.c >&5
configure:5378: $? = 0
configure:5378: result: yes
configure:5393: checking float.h usability
configure:5393: gcc -c -march=x86-64 -mtune=generic -O2 -pipe -fno-plt -fexceptions         -Wp,-D_FORTIFY_SOURCE=2 -Wformat -Werror=format-security         -fstack-clash-protection -fcf-protection  conftest.c >&5
configure:5393: $? = 0
configure:5393: result: yes
configure:5393: checking float.h presence
configure:5393: gcc -E  conftest.c
configure:5393: $? = 0
configure:5393: result: yes
configure:5393: checking for float.h
configure:5393: result: yes
configure:5393: checking limits.h usability
configure:5393: gcc -c -march=x86-64 -mtune=generic -O2 -pipe -fno-plt -fexceptions         -Wp,-D_FORTIFY_SOURCE=2 -Wformat -Werror=format-security         -fstack-clash-protection -fcf-protection  conftest.c >&5
configure:5393: $? = 0
configure:5393: result: yes
configure:5393: checking limits.h presence
configure:5393: gcc -E  conftest.c
configure:5393: $? = 0
configure:5393: result: yes
configure:5393: checking for limits.h
configure:5393: result: yes
configure:5393: checking malloc.h usability
configure:5393: gcc -c -march=x86-64 -mtune=generic -O2 -pipe -fno-plt -fexceptions         -Wp,-D_FORTIFY_SOURCE=2 -Wformat -Werror=format-security         -fstack-clash-protection -fcf-protection  conftest.c >&5
configure:5393: $? = 0
configure:5393: result: yes
configure:5393: checking malloc.h presence
configure:5393: gcc -E  conftest.c
configure:5393: $? = 0
configure:5393: result: yes
configure:5393: checking for malloc.h
configure:5393: result: yes
configure:5393: checking for stdlib.h
configure:5393: result: yes
configure:5393: checking for string.h
configure:5393: result: yes
configure:5393: checking for unistd.h
configure:5393: result: yes
configure:5405: checking for an ANSI C-conforming const
configure:5471: gcc -c -march=x86-64 -mtune=generic -O2 -pipe -fno-plt -fexceptions         -Wp,-D_FORTIFY_SOURCE=2 -Wformat -Werror=format-security         -fstack-clash-protection -fcf-protection  conftest.c >&5
configure:5471: $? = 0
configure:5478: result: yes
configure:5486: checking for size_t
configure:5486: gcc -c -march=x86-64 -mtune=generic -O2 -pipe -fno-plt -fexceptions         -Wp,-D_FORTIFY_SOURCE=2 -Wformat -Werror=format-security         -fstack-clash-protection -fcf-protection  conftest.c >&5
configure:5486: $? = 0
configure:5486: gcc -c -march=x86-64 -mtune=generic -O2 -pipe -fno-plt -fexceptions         -Wp,-D_FORTIFY_SOURCE=2 -Wformat -Werror=format-security         -fstack-clash-protection -fcf-protection  conftest.c >&5
conftest.c: In function 'main':
conftest.c:65:21: error: expected expression before ')' token
   65 | if (sizeof ((size_t)))
      |                     ^
configure:5486: $? = 1
configure: failed program was:
| /* confdefs.h */
| #define PACKAGE_NAME "mcl"
| #define PACKAGE_TARNAME "mcl"
| #define PACKAGE_VERSION "22-282"
| #define PACKAGE_STRING "mcl 22-282"
| #define PACKAGE_BUGREPORT ""
| #define PACKAGE_URL ""
| #define PACKAGE "mcl"
| #define VERSION "22-282"
| #define MCL_HELPFUL_REMINDER /**/
| #define HAVE_LIBM 1
| #define STDC_HEADERS 1
| #define HAVE_SYS_TYPES_H 1
| #define HAVE_SYS_STAT_H 1
| #define HAVE_STDLIB_H 1
| #define HAVE_STRING_H 1
| #define HAVE_MEMORY_H 1
| #define HAVE_STRINGS_H 1
| #define HAVE_INTTYPES_H 1
| #define HAVE_STDINT_H 1
| #define HAVE_UNISTD_H 1
| #define HAVE_FLOAT_H 1
| #define HAVE_LIMITS_H 1
| #define HAVE_MALLOC_H 1
| #define HAVE_STDLIB_H 1
| #define HAVE_STRING_H 1
| #define HAVE_UNISTD_H 1
| /* end confdefs.h.  */
| #include <stdio.h>
| #ifdef HAVE_SYS_TYPES_H
| # include <sys/types.h>
| #endif
| #ifdef HAVE_SYS_STAT_H
| # include <sys/stat.h>
| #endif
| #ifdef STDC_HEADERS
| # include <stdlib.h>
| # include <stddef.h>
| #else
| # ifdef HAVE_STDLIB_H
| #  include <stdlib.h>
| # endif
| #endif
| #ifdef HAVE_STRING_H
| # if !defined STDC_HEADERS && defined HAVE_MEMORY_H
| #  include <memory.h>
| # endif
| # include <string.h>
| #endif
| #ifdef HAVE_STRINGS_H
| # include <strings.h>
| #endif
| #ifdef HAVE_INTTYPES_H
| # include <inttypes.h>
| #endif
| #ifdef HAVE_STDINT_H
| # include <stdint.h>
| #endif
| #ifdef HAVE_UNISTD_H
| # include <unistd.h>
| #endif
| int
| main ()
| {
| if (sizeof ((size_t)))
| 	    return 0;
|   ;
|   return 0;
| }
configure:5486: result: yes
configure:5504: checking build system type
configure:5518: result: x86_64-pc-linux-gnu
configure:5538: checking host system type
configure:5551: result: x86_64-pc-linux-gnu
configure:5735: checking for the pthreads library -lpthreads
configure:5768: gcc -o conftest -march=x86-64 -mtune=generic -O2 -pipe -fno-plt -fexceptions         -Wp,-D_FORTIFY_SOURCE=2 -Wformat -Werror=format-security         -fstack-clash-protection -fcf-protection   -Wl,-O1,--sort-common,--as-needed,-z,relro,-z,now conftest.c -lpthreads -lm  >&5
conftest.c: In function 'main':
conftest.c:34:22: warning: argument 1 null where non-null expected [-Wnonnull]
   34 |                      pthread_attr_init(0); pthread_cleanup_push(0, 0);
      |                      ^~~~~~~~~~~~~~~~~
In file included from conftest.c:29:
/usr/include/pthread.h:285:12: note: in a call to function 'pthread_attr_init' declared 'nonnull'
  285 | extern int pthread_attr_init (pthread_attr_t *__attr) __THROW __nonnull ((1));
      |            ^~~~~~~~~~~~~~~~~
conftest.c:35:22: warning: argument 1 null where non-null expected [-Wnonnull]
   35 |                      pthread_create(0,0,0,0); pthread_cleanup_pop(0);
      |                      ^~~~~~~~~~~~~~
/usr/include/pthread.h:202:12: note: in a call to function 'pthread_create' declared 'nonnull'
  202 | extern int pthread_create (pthread_t *__restrict __newthread,
      |            ^~~~~~~~~~~~~~
conftest.c:35:22: warning: argument 3 null where non-null expected [-Wnonnull]
   35 |                      pthread_create(0,0,0,0); pthread_cleanup_pop(0);
      |                      ^~~~~~~~~~~~~~
/usr/include/pthread.h:202:12: note: in a call to function 'pthread_create' declared 'nonnull'
  202 | extern int pthread_create (pthread_t *__restrict __newthread,
      |            ^~~~~~~~~~~~~~
/usr/bin/ld: cannot find -lpthreads: No such file or directory
collect2: error: ld returned 1 exit status
configure:5768: $? = 1
configure: failed program was:
| /* confdefs.h */
| #define PACKAGE_NAME "mcl"
| #define PACKAGE_TARNAME "mcl"
| #define PACKAGE_VERSION "22-282"
| #define PACKAGE_STRING "mcl 22-282"
| #define PACKAGE_BUGREPORT ""
| #define PACKAGE_URL ""
| #define PACKAGE "mcl"
| #define VERSION "22-282"
| #define MCL_HELPFUL_REMINDER /**/
| #define HAVE_LIBM 1
| #define STDC_HEADERS 1
| #define HAVE_SYS_TYPES_H 1
| #define HAVE_SYS_STAT_H 1
| #define HAVE_STDLIB_H 1
| #define HAVE_STRING_H 1
| #define HAVE_MEMORY_H 1
| #define HAVE_STRINGS_H 1
| #define HAVE_INTTYPES_H 1
| #define HAVE_STDINT_H 1
| #define HAVE_UNISTD_H 1
| #define HAVE_FLOAT_H 1
| #define HAVE_LIMITS_H 1
| #define HAVE_MALLOC_H 1
| #define HAVE_STDLIB_H 1
| #define HAVE_STRING_H 1
| #define HAVE_UNISTD_H 1
| /* end confdefs.h.  */
| #include <pthread.h>
| int
| main ()
| {
| pthread_t th; pthread_join(th, 0);
|                      pthread_attr_init(0); pthread_cleanup_push(0, 0);
|                      pthread_create(0,0,0,0); pthread_cleanup_pop(0);
|   ;
|   return 0;
| }
configure:5777: result: no
configure:5680: checking whether pthreads work without any flags
configure:5768: gcc -o conftest -march=x86-64 -mtune=generic -O2 -pipe -fno-plt -fexceptions         -Wp,-D_FORTIFY_SOURCE=2 -Wformat -Werror=format-security         -fstack-clash-protection -fcf-protection   -Wl,-O1,--sort-common,--as-needed,-z,relro,-z,now conftest.c  -lm  >&5
conftest.c: In function 'main':
conftest.c:34:22: warning: argument 1 null where non-null expected [-Wnonnull]
   34 |                      pthread_attr_init(0); pthread_cleanup_push(0, 0);
      |                      ^~~~~~~~~~~~~~~~~
In file included from conftest.c:29:
/usr/include/pthread.h:285:12: note: in a call to function 'pthread_attr_init' declared 'nonnull'
  285 | extern int pthread_attr_init (pthread_attr_t *__attr) __THROW __nonnull ((1));
      |            ^~~~~~~~~~~~~~~~~
conftest.c:35:22: warning: argument 1 null where non-null expected [-Wnonnull]
   35 |                      pthread_create(0,0,0,0); pthread_cleanup_pop(0);
      |                      ^~~~~~~~~~~~~~
/usr/include/pthread.h:202:12: note: in a call to function 'pthread_create' declared 'nonnull'
  202 | extern int pthread_create (pthread_t *__restrict __newthread,
      |            ^~~~~~~~~~~~~~
conftest.c:35:22: warning: argument 3 null where non-null expected [-Wnonnull]
   35 |                      pthread_create(0,0,0,0); pthread_cleanup_pop(0);
      |                      ^~~~~~~~~~~~~~
/usr/include/pthread.h:202:12: note: in a call to function 'pthread_create' declared 'nonnull'
  202 | extern int pthread_create (pthread_t *__restrict __newthread,
      |            ^~~~~~~~~~~~~~
configure:5768: $? = 0
configure:5777: result: yes
configure:5797: checking for joinable pthread attribute
configure:5810: gcc -o conftest -march=x86-64 -mtune=generic -O2 -pipe -fno-plt -fexceptions         -Wp,-D_FORTIFY_SOURCE=2 -Wformat -Werror=format-security         -fstack-clash-protection -fcf-protection   -Wl,-O1,--sort-common,--as-needed,-z,relro,-z,now conftest.c  -lm  >&5
configure:5810: $? = 0
configure:5842: result: PTHREAD_CREATE_JOINABLE
configure:5849: checking if more special flags are required for pthreads
configure:5856: result: no
configure:5868: checking for cc_r
configure:5896: result: gcc
configure:5935: checking for stdlib.h
configure:5935: result: yes
configure:5945: checking for GNU libc compatible malloc
configure:5969: gcc -o conftest -march=x86-64 -mtune=generic -O2 -pipe -fno-plt -fexceptions         -Wp,-D_FORTIFY_SOURCE=2 -Wformat -Werror=format-security         -fstack-clash-protection -fcf-protection   -Wl,-O1,--sort-common,--as-needed,-z,relro,-z,now conftest.c  -lm  >&5
configure:5969: $? = 0
configure:5969: ./conftest
configure:5969: $? = 0
configure:5979: result: yes
configure:6000: checking for working memcmp
configure:6043: gcc -o conftest -march=x86-64 -mtune=generic -O2 -pipe -fno-plt -fexceptions         -Wp,-D_FORTIFY_SOURCE=2 -Wformat -Werror=format-security         -fstack-clash-protection -fcf-protection   -Wl,-O1,--sort-common,--as-needed,-z,relro,-z,now conftest.c  -lm  >&5
configure:6043: $? = 0
configure:6043: ./conftest
configure:6043: $? = 0
configure:6053: result: yes
configure:6064: checking for vprintf
configure:6064: gcc -o conftest -march=x86-64 -mtune=generic -O2 -pipe -fno-plt -fexceptions         -Wp,-D_FORTIFY_SOURCE=2 -Wformat -Werror=format-security         -fstack-clash-protection -fcf-protection   -Wl,-O1,--sort-common,--as-needed,-z,relro,-z,now conftest.c  -lm  >&5
conftest.c:54:6: warning: conflicting types for built-in function 'vprintf'; expected 'int(const char *, __va_list_tag *)' [-Wbuiltin-declaration-mismatch]
   54 | char vprintf ();
      |      ^~~~~~~
conftest.c:42:1: note: 'vprintf' is declared in header '<stdio.h>'
   41 | # include <limits.h>
   42 | #else
configure:6064: $? = 0
configure:6064: result: yes
configure:6070: checking for _doprnt
configure:6070: gcc -o conftest -march=x86-64 -mtune=generic -O2 -pipe -fno-plt -fexceptions         -Wp,-D_FORTIFY_SOURCE=2 -Wformat -Werror=format-security         -fstack-clash-protection -fcf-protection   -Wl,-O1,--sort-common,--as-needed,-z,relro,-z,now conftest.c  -lm  >&5
/usr/bin/ld: /tmp/ccBlTF1r.o: in function `main':
conftest.c:(.text.startup+0xc): undefined reference to `_doprnt'
collect2: error: ld returned 1 exit status
configure:6070: $? = 1
configure: failed program was:
| /* confdefs.h */
| #define PACKAGE_NAME "mcl"
| #define PACKAGE_TARNAME "mcl"
| #define PACKAGE_VERSION "22-282"
| #define PACKAGE_STRING "mcl 22-282"
| #define PACKAGE_BUGREPORT ""
| #define PACKAGE_URL ""
| #define PACKAGE "mcl"
| #define VERSION "22-282"
| #define MCL_HELPFUL_REMINDER /**/
| #define HAVE_LIBM 1
| #define STDC_HEADERS 1
| #define HAVE_SYS_TYPES_H 1
| #define HAVE_SYS_STAT_H 1
| #define HAVE_STDLIB_H 1
| #define HAVE_STRING_H 1
| #define HAVE_MEMORY_H 1
| #define HAVE_STRINGS_H 1
| #define HAVE_INTTYPES_H 1
| #define HAVE_STDINT_H 1
| #define HAVE_UNISTD_H 1
| #define HAVE_FLOAT_H 1
| #define HAVE_LIMITS_H 1
| #define HAVE_MALLOC_H 1
| #define HAVE_STDLIB_H 1
| #define HAVE_STRING_H 1
| #define HAVE_UNISTD_H 1
| #define HAVE_STDLIB_H 1
| #define HAVE_MALLOC 1
| #define HAVE_VPRINTF 1
| /* end confdefs.h.  */
| /* Define _doprnt to an innocuous variant, in case <limits.h> declares _doprnt.
|    For example, HP-UX 11i <limits.h> declares gettimeofday.  */
| #define _doprnt innocuous__doprnt
| 
| /* System header to define __stub macros and hopefully few prototypes,
|     which can conflict with char _doprnt (); below.
|     Prefer <limits.h> to <assert.h> if __STDC__ is defined, since
|     <limits.h> exists even on freestanding compilers.  */
| 
| #ifdef __STDC__
| # include <limits.h>
| #else
| # include <assert.h>
| #endif
| 
| #undef _doprnt
| 
| /* Override any GCC internal prototype to avoid an error.
|    Use char because int might match the return type of a GCC
|    builtin and then its argument prototype would still apply.  */
| #ifdef __cplusplus
| extern "C"
| #endif
| char _doprnt ();
| /* The GNU C library defines this for functions which it implements
|     to always fail with ENOSYS.  Some functions are actually named
|     something starting with __ and the normal name is an alias.  */
| #if defined __stub__doprnt || defined __stub____doprnt
| choke me
| #endif
| 
| int
| main ()
| {
| return _doprnt ();
|   ;
|   return 0;
| }
configure:6070: result: no
configure:6084: checking for floor
configure:6084: gcc -o conftest -march=x86-64 -mtune=generic -O2 -pipe -fno-plt -fexceptions         -Wp,-D_FORTIFY_SOURCE=2 -Wformat -Werror=format-security         -fstack-clash-protection -fcf-protection   -Wl,-O1,--sort-common,--as-needed,-z,relro,-z,now conftest.c  -lm  >&5
conftest.c:55:6: warning: conflicting types for built-in function 'floor'; expected 'double(double)' [-Wbuiltin-declaration-mismatch]
   55 | char floor ();
      |      ^~~~~
conftest.c:43:1: note: 'floor' is declared in header '<math.h>'
   42 | # include <limits.h>
   43 | #else
configure:6084: $? = 0
configure:6084: result: yes
configure:6084: checking for memset
configure:6084: gcc -o conftest -march=x86-64 -mtune=generic -O2 -pipe -fno-plt -fexceptions         -Wp,-D_FORTIFY_SOURCE=2 -Wformat -Werror=format-security         -fstack-clash-protection -fcf-protection   -Wl,-O1,--sort-common,--as-needed,-z,relro,-z,now conftest.c  -lm  >&5
conftest.c:56:6: warning: conflicting types for built-in function 'memset'; expected 'void *(void *, int,  long unsigned int)' [-Wbuiltin-declaration-mismatch]
   56 | char memset ();
      |      ^~~~~~
conftest.c:44:1: note: 'memset' is declared in header '<string.h>'
   43 | # include <limits.h>
   44 | #else
configure:6084: $? = 0
configure:6084: result: yes
configure:6084: checking for pow
configure:6084: gcc -o conftest -march=x86-64 -mtune=generic -O2 -pipe -fno-plt -fexceptions         -Wp,-D_FORTIFY_SOURCE=2 -Wformat -Werror=format-security         -fstack-clash-protection -fcf-protection   -Wl,-O1,--sort-common,--as-needed,-z,relro,-z,now conftest.c  -lm  >&5
conftest.c:57:6: warning: conflicting types for built-in function 'pow'; expected 'double(double,  double)' [-Wbuiltin-declaration-mismatch]
   57 | char pow ();
      |      ^~~
conftest.c:45:1: note: 'pow' is declared in header '<math.h>'
   44 | # include <limits.h>
   45 | #else
configure:6084: $? = 0
configure:6084: result: yes
configure:6084: checking for rint
configure:6084: gcc -o conftest -march=x86-64 -mtune=generic -O2 -pipe -fno-plt -fexceptions         -Wp,-D_FORTIFY_SOURCE=2 -Wformat -Werror=format-security         -fstack-clash-protection -fcf-protection   -Wl,-O1,--sort-common,--as-needed,-z,relro,-z,now conftest.c  -lm  >&5
conftest.c:58:6: warning: conflicting types for built-in function 'rint'; expected 'double(double)' [-Wbuiltin-declaration-mismatch]
   58 | char rint ();
      |      ^~~~
conftest.c:46:1: note: 'rint' is declared in header '<math.h>'
   45 | # include <limits.h>
   46 | #else
configure:6084: $? = 0
configure:6084: result: yes
configure:6084: checking for sqrt
configure:6084: gcc -o conftest -march=x86-64 -mtune=generic -O2 -pipe -fno-plt -fexceptions         -Wp,-D_FORTIFY_SOURCE=2 -Wformat -Werror=format-security         -fstack-clash-protection -fcf-protection   -Wl,-O1,--sort-common,--as-needed,-z,relro,-z,now conftest.c  -lm  >&5
conftest.c:59:6: warning: conflicting types for built-in function 'sqrt'; expected 'double(double)' [-Wbuiltin-declaration-mismatch]
   59 | char sqrt ();
      |      ^~~~
conftest.c:47:1: note: 'sqrt' is declared in header '<math.h>'
   46 | # include <limits.h>
   47 | #else
configure:6084: $? = 0
configure:6084: result: yes
configure:6084: checking for strchr
configure:6084: gcc -o conftest -march=x86-64 -mtune=generic -O2 -pipe -fno-plt -fexceptions         -Wp,-D_FORTIFY_SOURCE=2 -Wformat -Werror=format-security         -fstack-clash-protection -fcf-protection   -Wl,-O1,--sort-common,--as-needed,-z,relro,-z,now conftest.c  -lm  >&5
conftest.c:60:6: warning: conflicting types for built-in function 'strchr'; expected 'char *(const char *, int)' [-Wbuiltin-declaration-mismatch]
   60 | char strchr ();
      |      ^~~~~~
conftest.c:48:1: note: 'strchr' is declared in header '<string.h>'
   47 | # include <limits.h>
   48 | #else
configure:6084: $? = 0
configure:6084: result: yes
configure:6084: checking for strpbrk
configure:6084: gcc -o conftest -march=x86-64 -mtune=generic -O2 -pipe -fno-plt -fexceptions         -Wp,-D_FORTIFY_SOURCE=2 -Wformat -Werror=format-security         -fstack-clash-protection -fcf-protection   -Wl,-O1,--sort-common,--as-needed,-z,relro,-z,now conftest.c  -lm  >&5
conftest.c:61:6: warning: conflicting types for built-in function 'strpbrk'; expected 'char *(const char *, const char *)' [-Wbuiltin-declaration-mismatch]
   61 | char strpbrk ();
      |      ^~~~~~~
conftest.c:49:1: note: 'strpbrk' is declared in header '<string.h>'
   48 | # include <limits.h>
   49 | #else
configure:6084: $? = 0
configure:6084: result: yes
configure:6084: checking for strstr
configure:6084: gcc -o conftest -march=x86-64 -mtune=generic -O2 -pipe -fno-plt -fexceptions         -Wp,-D_FORTIFY_SOURCE=2 -Wformat -Werror=format-security         -fstack-clash-protection -fcf-protection   -Wl,-O1,--sort-common,--as-needed,-z,relro,-z,now conftest.c  -lm  >&5
conftest.c:62:6: warning: conflicting types for built-in function 'strstr'; expected 'char *(const char *, const char *)' [-Wbuiltin-declaration-mismatch]
   62 | char strstr ();
      |      ^~~~~~
conftest.c:50:1: note: 'strstr' is declared in header '<string.h>'
   49 | # include <limits.h>
   50 | #else
configure:6084: $? = 0
configure:6084: result: yes
configure:6095: checking for va_copy() function
configure:6144: gcc -o conftest -march=x86-64 -mtune=generic -O2 -pipe -fno-plt -fexceptions         -Wp,-D_FORTIFY_SOURCE=2 -Wformat -Werror=format-security         -fstack-clash-protection -fcf-protection   -Wl,-O1,--sort-common,--as-needed,-z,relro,-z,now conftest.c  -lm  >&5
configure:6144: $? = 0
configure:6144: ./conftest
configure:6144: $? = 0
configure:6528: result: yes
configure:6640: checking that generated files are newer than configure
configure:6646: result: done
configure:6681: creating ./config.status

## ---------------------- ##
## Running config.status. ##
## ---------------------- ##

This file was extended by mcl config.status 22-282, which was
generated by GNU Autoconf 2.69.  Invocation command line was

  CONFIG_FILES    = 
  CONFIG_HEADERS  = 
  CONFIG_LINKS    = 
  CONFIG_COMMANDS = 
  $ ./config.status 

on Hyper-arch

config.status:915: creating Makefile
config.status:915: creating include/Makefile
config.status:915: creating doc/Makefile
config.status:915: creating testing/Makefile
config.status:915: creating testing/stream/Makefile
config.status:915: creating testing/blast/Makefile
config.status:915: creating testing/setops/Makefile
config.status:915: creating graphs/Makefile
config.status:915: creating img/Makefile
config.status:915: creating scripts/Makefile
config.status:915: creating rcl/Makefile
config.status:915: creating src/Makefile
config.status:915: creating src/clew/Makefile
config.status:915: creating src/mcl/Makefile
config.status:915: creating src/gryphon/Makefile
config.status:915: creating src/impala/Makefile
config.status:915: creating src/shcl/Makefile
config.status:915: creating src/shmcl/Makefile
config.status:915: creating src/shmx/Makefile
config.status:915: creating src/shmcxquery/Makefile
config.status:915: creating src/shmcx/Makefile
config.status:915: creating shed/Makefile
config.status:915: creating config.h
config.status:1144: executing depfiles commands
config.status:1221: cd src/clew       && sed -e '/# am--include-marker/d' Makefile         | make -f - am--depfiles
config.status:1226: $? = 0
config.status:1221: cd src/mcl       && sed -e '/# am--include-marker/d' Makefile         | make -f - am--depfiles
config.status:1226: $? = 0
config.status:1221: cd src/gryphon       && sed -e '/# am--include-marker/d' Makefile         | make -f - am--depfiles
config.status:1226: $? = 0
config.status:1221: cd src/impala       && sed -e '/# am--include-marker/d' Makefile         | make -f - am--depfiles
config.status:1226: $? = 0
config.status:1221: cd src/shcl       && sed -e '/# am--include-marker/d' Makefile         | make -f - am--depfiles
config.status:1226: $? = 0
config.status:1221: cd src/shmcl       && sed -e '/# am--include-marker/d' Makefile         | make -f - am--depfiles
config.status:1226: $? = 0
config.status:1221: cd src/shmx       && sed -e '/# am--include-marker/d' Makefile         | make -f - am--depfiles
config.status:1226: $? = 0
config.status:1221: cd src/shmcxquery       && sed -e '/# am--include-marker/d' Makefile         | make -f - am--depfiles
config.status:1226: $? = 0
config.status:1221: cd src/shmcx       && sed -e '/# am--include-marker/d' Makefile         | make -f - am--depfiles
config.status:1226: $? = 0

## ---------------- ##
## Cache variables. ##
## ---------------- ##

ac_cv_build=x86_64-pc-linux-gnu
ac_cv_c_compiler_gnu=yes
ac_cv_c_const=yes
ac_cv_c_void_uint=passed
ac_cv_env_CC_set=
ac_cv_env_CC_value=
ac_cv_env_CFLAGS_set=set
ac_cv_env_CFLAGS_value='-march=x86-64 -mtune=generic -O2 -pipe -fno-plt -fexceptions         -Wp,-D_FORTIFY_SOURCE=2 -Wformat -Werror=format-security         -fstack-clash-protection -fcf-protection'
ac_cv_env_CPPFLAGS_set=
ac_cv_env_CPPFLAGS_value=
ac_cv_env_CPP_set=
ac_cv_env_CPP_value=
ac_cv_env_LDFLAGS_set=set
ac_cv_env_LDFLAGS_value=-Wl,-O1,--sort-common,--as-needed,-z,relro,-z,now
ac_cv_env_LIBS_set=
ac_cv_env_LIBS_value=
ac_cv_env_build_alias_set=
ac_cv_env_build_alias_value=
ac_cv_env_host_alias_set=
ac_cv_env_host_alias_value=
ac_cv_env_target_alias_set=
ac_cv_env_target_alias_value=
ac_cv_func__doprnt=no
ac_cv_func_floor=yes
ac_cv_func_malloc_0_nonnull=yes
ac_cv_func_memcmp_working=yes
ac_cv_func_memset=yes
ac_cv_func_pow=yes
ac_cv_func_rint=yes
ac_cv_func_sqrt=yes
ac_cv_func_strchr=yes
ac_cv_func_strpbrk=yes
ac_cv_func_strstr=yes
ac_cv_func_vprintf=yes
ac_cv_header_float_h=yes
ac_cv_header_inttypes_h=yes
ac_cv_header_limits_h=yes
ac_cv_header_malloc_h=yes
ac_cv_header_memory_h=yes
ac_cv_header_stdc=yes
ac_cv_header_stdint_h=yes
ac_cv_header_stdlib_h=yes
ac_cv_header_string_h=yes
ac_cv_header_strings_h=yes
ac_cv_header_sys_stat_h=yes
ac_cv_header_sys_types_h=yes
ac_cv_header_unistd_h=yes
ac_cv_host=x86_64-pc-linux-gnu
ac_cv_lib_m_ceil=yes
ac_cv_objext=o
ac_cv_path_EGREP='/usr/bin/grep -E'
ac_cv_path_GREP=/usr/bin/grep
ac_cv_path_install='/usr/bin/install -c'
ac_cv_path_mkdir=/usr/bin/mkdir
ac_cv_prog_AWK=gawk
ac_cv_prog_CPP='gcc -E'
ac_cv_prog_PTHREAD_CC=gcc
ac_cv_prog_ac_ct_CC=gcc
ac_cv_prog_ac_ct_RANLIB=ranlib
ac_cv_prog_cc_c89=
ac_cv_prog_cc_g=yes
ac_cv_prog_make_make_set=yes
ac_cv_type_size_t=yes
ac_cv_va_copy=C99
am_cv_CC_dependencies_compiler_type=gcc3
am_cv_make_support_nested_variables=yes
am_cv_prog_cc_c_o=yes

## ----------------- ##
## Output variables. ##
## ----------------- ##

ACLOCAL='aclocal-1.16'
AMDEPBACKSLASH='\'
AMDEP_FALSE='#'
AMDEP_TRUE=''
AMTAR='$${TAR-tar}'
AM_BACKSLASH='\'
AM_DEFAULT_V='$(AM_DEFAULT_VERBOSITY)'
AM_DEFAULT_VERBOSITY='1'
AM_V='$(V)'
AUTOCONF='autoconf'
AUTOHEADER='autoheader'
AUTOMAKE='automake-1.16'
AWK='gawk'
BUILD_RCL_FALSE=''
BUILD_RCL_TRUE='#'
CC='gcc'
CCDEPMODE='depmode=gcc3'
CFLAGS='-march=x86-64 -mtune=generic -O2 -pipe -fno-plt -fexceptions         -Wp,-D_FORTIFY_SOURCE=2 -Wformat -Werror=format-security         -fstack-clash-protection -fcf-protection '
CPP='gcc -E'
CPPFLAGS=''
CYGPATH_W='echo'
DEFS='-DHAVE_CONFIG_H'
DEPDIR='.deps'
ECHO_C=''
ECHO_N='-n'
ECHO_T=''
EGREP='/usr/bin/grep -E'
EXEEXT=''
GREP='/usr/bin/grep'
INSTALL_DATA='${INSTALL} -m 644'
INSTALL_PROGRAM='${INSTALL}'
INSTALL_SCRIPT='${INSTALL}'
INSTALL_STRIP_PROGRAM='$(install_sh) -c -s'
LDFLAGS='-Wl,-O1,--sort-common,--as-needed,-z,relro,-z,now'
LIBOBJS=''
LIBS=' -lm '
LN_S='ln -s'
LTLIBOBJS=''
MAINT='#'
MAINTAINER_MODE_FALSE=''
MAINTAINER_MODE_TRUE='#'
MAKEINFO='makeinfo'
MKDIR_P='/usr/bin/mkdir -p'
OBJEXT='o'
PACKAGE='mcl'
PACKAGE_BUGREPORT=''
PACKAGE_NAME='mcl'
PACKAGE_STRING='mcl 22-282'
PACKAGE_TARNAME='mcl'
PACKAGE_URL=''
PACKAGE_VERSION='22-282'
PATH_SEPARATOR=':'
PTHREAD_CC='gcc'
PTHREAD_CFLAGS=''
PTHREAD_LIBS=''
RANLIB='ranlib'
SET_MAKE=''
SHELL='/bin/sh'
STRIP=''
VERSION='22-282'
ac_ct_CC='gcc'
acx_pthread_config=''
am__EXEEXT_FALSE=''
am__EXEEXT_TRUE='#'
am__fastdepCC_FALSE='#'
am__fastdepCC_TRUE=''
am__include='include'
am__isrc=''
am__leading_dot='.'
am__nodep='_no'
am__quote=''
am__tar='$${TAR-tar} chof - "$$tardir"'
am__untar='$${TAR-tar} xf -'
bindir='${exec_prefix}/bin'
build='x86_64-pc-linux-gnu'
build_alias=''
build_cpu='x86_64'
build_os='linux-gnu'
build_vendor='pc'
datadir='${datarootdir}'
datarootdir='${prefix}/share'
docdir='${datarootdir}/doc/${PACKAGE_TARNAME}'
dvidir='${docdir}'
exec_prefix='${prefix}'
host='x86_64-pc-linux-gnu'
host_alias=''
host_cpu='x86_64'
host_os='linux-gnu'
host_vendor='pc'
htmldir='${docdir}'
includedir='${prefix}/include'
infodir='${datarootdir}/info'
install_sh='${SHELL} /home/bipin/PKGBUILDS/mcl/src/mcl-22-282/autofoo/install-sh'
libdir='${exec_prefix}/lib'
libexecdir='${exec_prefix}/libexec'
localedir='${datarootdir}/locale'
localstatedir='${prefix}/var'
mandir='${datarootdir}/man'
mkdir_p='$(MKDIR_P)'
oldincludedir='/usr/include'
pdfdir='${docdir}'
prefix='/usr'
program_transform_name='s,x,x,'
psdir='${docdir}'
runstatedir='${localstatedir}/run'
sbindir='${exec_prefix}/sbin'
sharedstatedir='${prefix}/com'
sysconfdir='${prefix}/etc'
target_alias=''

## ----------- ##
## confdefs.h. ##
## ----------- ##

/* confdefs.h */
#define PACKAGE_NAME "mcl"
#define PACKAGE_TARNAME "mcl"
#define PACKAGE_VERSION "22-282"
#define PACKAGE_STRING "mcl 22-282"
#define PACKAGE_BUGREPORT ""
#define PACKAGE_URL ""
#define PACKAGE "mcl"
#define VERSION "22-282"
#define MCL_HELPFUL_REMINDER /**/
#define HAVE_LIBM 1
#define STDC_HEADERS 1
#define HAVE_SYS_TYPES_H 1
#define HAVE_SYS_STAT_H 1
#define HAVE_STDLIB_H 1
#define HAVE_STRING_H 1
#define HAVE_MEMORY_H 1
#define HAVE_STRINGS_H 1
#define HAVE_INTTYPES_H 1
#define HAVE_STDINT_H 1
#define HAVE_UNISTD_H 1
#define HAVE_FLOAT_H 1
#define HAVE_LIMITS_H 1
#define HAVE_MALLOC_H 1
#define HAVE_STDLIB_H 1
#define HAVE_STRING_H 1
#define HAVE_UNISTD_H 1
#define HAVE_STDLIB_H 1
#define HAVE_MALLOC 1
#define HAVE_VPRINTF 1
#define HAVE_FLOOR 1
#define HAVE_MEMSET 1
#define HAVE_POW 1
#define HAVE_RINT 1
#define HAVE_SQRT 1
#define HAVE_STRCHR 1
#define HAVE_STRPBRK 1
#define HAVE_STRSTR 1
#define HAVE_VA_COPY 1
#define __VA_COPY_USE __VA_COPY_USE_C99

configure: exit 0
